<?xml version="1.0" encoding="UTF-8"?>
<!-- Generated by org.testng.reporters.JUnitReportReporter -->
<testsuite hostname="DESKTOP-RI1C2R0" failures="0" tests="2" name="rahulshettyacademy.SeleniumFrameworkDesign.ErrorValidation" time="26.239" errors="0" timestamp="2025-09-17T15:41:43 IST" skipped="0">
  <testcase classname="rahulshettyacademy.SeleniumFrameworkDesign.ErrorValidation" name="loginErrorValidations" time="8.946"/>
  <testcase classname="rahulshettyacademy.SeleniumFrameworkDesign.ErrorValidation" name="productErrorValidations" time="17.293"/>
</testsuite> <!-- rahulshettyacademy.SeleniumFrameworkDesign.ErrorValidation -->
