<?xml version="1.0" encoding="UTF-8"?>
<!-- Generated by org.testng.reporters.JUnitReportReporter -->
<testsuite hostname="DESKTOP-RI1C2R0" failures="0" tests="2" name="rahulshettyacademy.SeleniumFrameworkDesign.ErrorValidation" time="31.868" errors="0" timestamp="2025-09-17T16:28:43 IST" skipped="0">
  <testcase classname="rahulshettyacademy.SeleniumFrameworkDesign.ErrorValidation" name="loginErrorValidations" time="16.591"/>
  <testcase classname="rahulshettyacademy.SeleniumFrameworkDesign.ErrorValidation" name="productErrorValidations" time="15.277"/>
</testsuite> <!-- rahulshettyacademy.SeleniumFrameworkDesign.ErrorValidation -->
