<?xml version="1.0" encoding="UTF-8"?>
<!-- Generated by org.testng.reporters.JUnitReportReporter -->
<testsuite hostname="DESKTOP-RI1C2R0" failures="0" tests="1" name="Cucumber.TestNGCucumberRunner" time="0.077" errors="0" timestamp="2025-09-01T22:19:24 IST" skipped="0">
  <testcase classname="Cucumber.TestNGCucumberRunner" name="runScenario" time="0.077"/>
</testsuite> <!-- Cucumber.TestNGCucumberRunner -->
