<?xml version="1.0" encoding="UTF-8"?>
<!-- Generated by org.testng.reporters.JUnitReportReporter -->
<testsuite hostname="DESKTOP-RI1C2R0" failures="0" tests="3" name="rahulshettyacademy.SeleniumFrameworkDesign.SubmitOrderTest" time="42.367" errors="0" timestamp="2025-09-17T15:41:43 IST" skipped="0">
  <testcase classname="rahulshettyacademy.SeleniumFrameworkDesign.SubmitOrderTest" name="submitOrder" time="17.009"/>
  <testcase classname="rahulshettyacademy.SeleniumFrameworkDesign.SubmitOrderTest" name="submitOrder" time="14.336"/>
  <testcase classname="rahulshettyacademy.SeleniumFrameworkDesign.SubmitOrderTest" name="orderHistoryTest" time="11.022"/>
</testsuite> <!-- rahulshettyacademy.SeleniumFrameworkDesign.SubmitOrderTest -->
