<?xml version="1.0" encoding="UTF-8"?>
<!-- Generated by org.testng.reporters.JUnitReportReporter -->
<testsuite hostname="DESKTOP-RI1C2R0" failures="0" tests="3" name="rahulshettyacademy.SeleniumFrameworkDesign.SubmitOrderTest" time="45.633" errors="0" timestamp="2025-09-17T16:28:43 IST" skipped="0">
  <testcase classname="rahulshettyacademy.SeleniumFrameworkDesign.SubmitOrderTest" name="submitOrder" time="19.905"/>
  <testcase classname="rahulshettyacademy.SeleniumFrameworkDesign.SubmitOrderTest" name="submitOrder" time="13.853"/>
  <testcase classname="rahulshettyacademy.SeleniumFrameworkDesign.SubmitOrderTest" name="orderHistoryTest" time="11.875"/>
</testsuite> <!-- rahulshettyacademy.SeleniumFrameworkDesign.SubmitOrderTest -->
