<?xml version="1.0" encoding="UTF-8"?>
<!-- Generated by org.testng.reporters.JUnitReportReporter -->
<testsuite hostname="DESKTOP-RI1C2R0" failures="0" tests="2" name="rahulshettyacademy.SeleniumFrameworkDesign.ErrorValidation" time="34.318" errors="0" timestamp="2025-09-09T16:19:45 IST" skipped="0">
  <testcase classname="rahulshettyacademy.SeleniumFrameworkDesign.ErrorValidation" name="loginErrorValidations" time="17.670"/>
  <testcase classname="rahulshettyacademy.SeleniumFrameworkDesign.ErrorValidation" name="productErrorValidations" time="16.648"/>
</testsuite> <!-- rahulshettyacademy.SeleniumFrameworkDesign.ErrorValidation -->
